CameraX/openCV/build/intermediates/manifest_merge_blame_file/debug/manifest-merger-blame-debug-report.txt
1<?xml version="1.0" encoding="utf-8"?>
2<manifest xmlns:android="http://schemas.android.com/apk/res/android"
3    package="de.yanneckreiss.cameraxtutorial" >
4
5    <uses-sdk android:minSdkVersion="28" />
6
7    <!-- Required permissions -->
8    <uses-permission android:name="android.permission.CAMERA" />
8-->openCV/java/AndroidManifest.xml:5:5-65
8-->openCV/java/AndroidManifest.xml:5:22-62
9    <!-- Add other permissions if needed -->
10    <application
10-->openCV/java/AndroidManifest.xml:8:5-29:19
11        android:icon="mipmap/ic_launcher"
11-->openCV/java/AndroidManifest.xml:10:9-44
12        android:label="CameraX" >
12-->openCV/java/AndroidManifest.xml:9:9-32
13
14        <!-- Activities, services, or other configurations specific to your app -->
15        <activity
15-->openCV/java/AndroidManifest.xml:13:9-21:20
16            android:name="de.yanneckreiss.cameraxtutorial.MainActivity"
16-->openCV/java/AndroidManifest.xml:14:13-41
17            android:exported="true"
17-->openCV/java/AndroidManifest.xml:16:13-36
18            android:label="string/app_name" >
18-->openCV/java/AndroidManifest.xml:15:13-44
19            <intent-filter>
19-->openCV/java/AndroidManifest.xml:17:13-20:29
20                <action android:name="android.intent.action.MAIN" />
20-->openCV/java/AndroidManifest.xml:18:17-69
20-->openCV/java/AndroidManifest.xml:18:25-66
21
22                <category android:name="android.intent.category.LAUNCHER" />
22-->openCV/java/AndroidManifest.xml:19:17-77
22-->openCV/java/AndroidManifest.xml:19:27-74
23            </intent-filter>
24        </activity>
25
26        <!-- ... Other activities or services specific to your app -->
27
28
29        <!-- OpenCV initialization configuration -->
30        <meta-data
30-->openCV/java/AndroidManifest.xml:26:9-28:85
31            android:name="org.opencv.engine.OpenCVEngineInterface"
31-->openCV/java/AndroidManifest.xml:27:13-67
32            android:value="org.opencv.engine.OpenCVEngineInterface$EngineService" />
32-->openCV/java/AndroidManifest.xml:28:13-82
33    </application>
34
35</manifest>